\BOOKMARK [1][-]{section.1}{\376\377\000E\000i\000n\000l\000e\000i\000t\000u\000n\000g}{}% 1
\BOOKMARK [1][-]{section.2}{\376\377\000T\000h\000e\000o\000r\000e\000t\000i\000s\000c\000h\000e\000r\000\040\000H\000i\000n\000t\000e\000r\000g\000r\000u\000n\000d}{}% 2
\BOOKMARK [2][-]{subsection.2.1}{\376\377\000J\000a\000v\000a\000-\000B\000e\000z\000e\000i\000c\000h\000n\000e\000r}{section.2}% 3
\BOOKMARK [2][-]{subsection.2.2}{\376\377\000N\000a\000m\000e\000n\000s\000k\000o\000n\000v\000e\000n\000t\000i\000o\000n\000e\000n\000\040\000i\000n\000\040\000J\000a\000v\000a}{section.2}% 4
\BOOKMARK [2][-]{subsection.2.3}{\376\377\000L\000i\000n\000g\000u\000i\000s\000t\000i\000s\000c\000h\000e\000\040\000A\000n\000t\000i\000-\000M\000u\000s\000t\000e\000r}{section.2}% 5
\BOOKMARK [2][-]{subsection.2.4}{\376\377\000G\000r\000o\000\337\000e\000\040\000S\000p\000r\000a\000c\000h\000m\000o\000d\000e\000l\000l\000e\000\040\000\050\000L\000L\000M\000s\000\051}{section.2}% 6
\BOOKMARK [1][-]{section.3}{\376\377\000M\000e\000t\000h\000o\000d\000i\000k\000\040\000u\000n\000d\000\040\000D\000u\000r\000c\000h\000f\000\374\000h\000r\000u\000n\000g}{}% 7
\BOOKMARK [2][-]{subsection.3.1}{\376\377\000A\000u\000s\000w\000a\000h\000l\000\040\000d\000e\000r\000\040\000S\000p\000r\000a\000c\000h\000m\000o\000d\000e\000l\000l\000e}{section.3}% 8
\BOOKMARK [2][-]{subsection.3.2}{\376\377\000E\000r\000s\000t\000e\000l\000l\000u\000n\000g\000\040\000d\000e\000r\000\040\000T\000e\000s\000t\000-\000B\000e\000i\000s\000p\000i\000e\000l\000e}{section.3}% 9
\BOOKMARK [3][-]{subsubsection.3.2.1}{\376\377\000K\000a\000t\000e\000g\000o\000r\000i\000e\000n\000\040\000n\000a\000c\000h\000\040\000A\000r\000n\000a\000o\000u\000d\000o\000v\000a}{subsection.3.2}% 10
\BOOKMARK [3][-]{subsubsection.3.2.2}{\376\377\000B\000e\000i\000s\000p\000i\000e\000l\000-\000C\000o\000d\000e}{subsection.3.2}% 11
\BOOKMARK [3][-]{subsubsection.3.2.3}{\376\377\000K\000o\000r\000r\000e\000k\000t\000e\000\040\000B\000e\000i\000s\000p\000i\000e\000l\000e\000\040\000f\000\374\000r\000\040\000F\000a\000l\000s\000e\000-\000P\000o\000s\000i\000t\000i\000v\000e\000-\000T\000e\000s\000t\000s}{subsection.3.2}% 12
\BOOKMARK [2][-]{subsection.3.3}{\376\377\000H\000i\000n\000w\000e\000i\000s\000-\000S\000t\000r\000a\000t\000e\000g\000i\000e\000n\000\040\000u\000n\000d\000\040\000I\000t\000e\000r\000a\000t\000i\000o\000n}{section.3}% 13
\BOOKMARK [2][-]{subsection.3.4}{\376\377\000I\000t\000e\000r\000a\000t\000i\000v\000e\000s\000\040\000V\000o\000r\000g\000e\000h\000e\000n}{section.3}% 14
\BOOKMARK [2][-]{subsection.3.5}{\376\377\000D\000u\000r\000c\000h\000f\000\374\000h\000r\000u\000n\000g\000\040\000d\000e\000r\000\040\000T\000e\000s\000t\000s}{section.3}% 15
\BOOKMARK [2][-]{subsection.3.6}{\376\377\000B\000e\000w\000e\000r\000t\000u\000n\000g\000s\000k\000r\000i\000t\000e\000r\000i\000e\000n}{section.3}% 16
\BOOKMARK [1][-]{section.4}{\376\377\000E\000v\000a\000l\000u\000a\000t\000i\000o\000n}{}% 17
\BOOKMARK [2][-]{subsection.4.1}{\376\377\000E\000r\000g\000e\000b\000n\000i\000s\000s\000e\000\040\000n\000a\000c\000h\000\040\000M\000o\000d\000e\000l\000l\000e\000n}{section.4}% 18
\BOOKMARK [3][-]{subsubsection.4.1.1}{\376\377\000O\000p\000e\000n\000A\000I\000\040\000G\000P\000T\000-\0004\000o}{subsection.4.1}% 19
\BOOKMARK [3][-]{subsubsection.4.1.2}{\376\377\000M\000e\000t\000a\000\040\000L\000L\000a\000M\000A\000\040\0003\000.\0001\000\040\0007\0000\000B\000\040\000I\000n\000s\000t\000r\000u\000c\000t}{subsection.4.1}% 20
\BOOKMARK [3][-]{subsubsection.4.1.3}{\376\377\000A\000l\000i\000b\000a\000b\000a\000\040\000Q\000w\000e\000n\0003\000-\000C\000o\000d\000e\000r}{subsection.4.1}% 21
\BOOKMARK [2][-]{subsection.4.2}{\376\377\000V\000e\000r\000g\000l\000e\000i\000c\000h\000\040\000d\000e\000r\000\040\000H\000i\000n\000w\000e\000i\000s\000v\000e\000r\000s\000i\000o\000n\000e\000n}{section.4}% 22
\BOOKMARK [2][-]{subsection.4.3}{\376\377\000A\000n\000a\000l\000y\000s\000e\000\040\000d\000e\000r\000\040\000F\000e\000h\000l\000a\000l\000a\000r\000m\000e\000\040\000\050\000F\000a\000l\000s\000e\000\040\000P\000o\000s\000i\000t\000i\000v\000e\000s\000\051}{section.4}% 23
\BOOKMARK [2][-]{subsection.4.4}{\376\377\000Z\000u\000s\000a\000m\000m\000e\000n\000f\000a\000s\000s\000u\000n\000g\000\040\000d\000e\000r\000\040\000E\000v\000a\000l\000u\000a\000t\000i\000o\000n\000s\000e\000r\000g\000e\000b\000n\000i\000s\000s\000e}{section.4}% 24
\BOOKMARK [1][-]{section.5}{\376\377\000D\000i\000s\000k\000u\000s\000s\000i\000o\000n\000\040\000u\000n\000d\000\040\000S\000c\000h\000l\000u\000s\000s}{}% 25
\BOOKMARK [2][-]{subsection.5.1}{\376\377\000K\000r\000i\000t\000i\000s\000c\000h\000e\000\040\000R\000e\000f\000l\000e\000x\000i\000o\000n}{section.5}% 26
\BOOKMARK [1][-]{section*.15}{\376\377\000L\000i\000t\000e\000r\000a\000t\000u\000r}{}% 27
